<?xml version="1.0" encoding="UTF-8"?>
<!-- Generated by org.testng.reporters.JUnitXMLReporter -->
<testsuite ignored="0" hostname="LAPTOP-PPRTR9T7" failures="0" tests="3" name="Default test" time="38.347" errors="0" timestamp="2024-01-03T22:25:42 IST">
  <testcase classname="com.testNg.Goibibo_RunnerClass.Goibibo_RunnerClass" name="signUpWithMobileNumber" time="30.192"/>
  <testcase classname="com.testNg.Goibibo_RunnerClass.Goibibo_RunnerClass" name="selectHotelTab" time="1.89"/>
  <testcase classname="com.testNg.Goibibo_RunnerClass.Goibibo_RunnerClass" name="selectHotelWithCheckInDetails" time="3.638"/>
</testsuite> <!-- Default test -->
