<?xml version="1.0" encoding="UTF-8"?>
<!-- Generated by org.testng.reporters.JUnitXMLReporter -->
<testsuite ignored="0" hostname="LAPTOP-PPRTR9T7" failures="0" tests="7" name="Test_goibibo" time="63.426" errors="0" timestamp="2024-01-05T14:11:08 IST">
  <testcase classname="com.testNg.Goibibo_RunnerClass.Goibibo_RunnerClass" name="signUpWithMobileNumber" time="30.219"/>
  <testcase classname="com.testNg.Goibibo_RunnerClass.Goibibo_RunnerClass" name="selectHotelTab" time="0.936"/>
  <testcase classname="com.testNg.Goibibo_RunnerClass.Goibibo_RunnerClass" name="selectHotelWithCheckInDetails" time="3.722"/>
  <testcase classname="com.testNg.Goibibo_RunnerClass.Goibibo_RunnerClass" name="selectDateAndGuests" time="6.254"/>
  <testcase classname="com.testNg.Goibibo_RunnerClass.Goibibo_RunnerClass" name="selectHotelOptions" time="6.198"/>
  <testcase classname="com.testNg.Goibibo_RunnerClass.Goibibo_RunnerClass" name="proceedNextPage" time="6.398"/>
  <testcase classname="com.testNg.Goibibo_RunnerClass.Goibibo_RunnerClass" name="fullScreenShot" time="8.276"/>
</testsuite> <!-- Test_goibibo -->
